{"D:\\Learning\\Vue\\conduit\\src\\modules\\moduleArticle.js": {"path":"D:\\Learning\\Vue\\conduit\\src\\modules\\moduleArticle.js","statementMap":{"0":{"start":{"line":2,"column":23},"end":{"line":7,"column":1}},"1":{"start":{"line":8,"column":22},"end":{"line":158,"column":1}},"2":{"start":{"line":22,"column":12},"end":{"line":22,"column":38}},"3":{"start":{"line":25,"column":12},"end":{"line":25,"column":48}},"4":{"start":{"line":28,"column":12},"end":{"line":28,"column":37}},"5":{"start":{"line":31,"column":12},"end":{"line":31,"column":86}},"6":{"start":{"line":34,"column":12},"end":{"line":34,"column":101}},"7":{"start":{"line":34,"column":87},"end":{"line":34,"column":99}},"8":{"start":{"line":37,"column":12},"end":{"line":37,"column":50}},"9":{"start":{"line":40,"column":12},"end":{"line":51,"column":13}},"10":{"start":{"line":41,"column":16},"end":{"line":48,"column":18}},"11":{"start":{"line":42,"column":20},"end":{"line":44,"column":21}},"12":{"start":{"line":43,"column":24},"end":{"line":43,"column":39}},"13":{"start":{"line":45,"column":20},"end":{"line":45,"column":55}},"14":{"start":{"line":46,"column":20},"end":{"line":46,"column":65}},"15":{"start":{"line":47,"column":20},"end":{"line":47,"column":35}},"16":{"start":{"line":50,"column":16},"end":{"line":50,"column":44}},"17":{"start":{"line":54,"column":12},"end":{"line":54,"column":47}},"18":{"start":{"line":59,"column":12},"end":{"line":66,"column":14}},"19":{"start":{"line":60,"column":16},"end":{"line":65,"column":18}},"20":{"start":{"line":61,"column":20},"end":{"line":61,"column":60}},"21":{"start":{"line":62,"column":20},"end":{"line":62,"column":30}},"22":{"start":{"line":64,"column":20},"end":{"line":64,"column":34}},"23":{"start":{"line":69,"column":10},"end":{"line":76,"column":12}},"24":{"start":{"line":70,"column":14},"end":{"line":75,"column":16}},"25":{"start":{"line":71,"column":18},"end":{"line":71,"column":65}},"26":{"start":{"line":72,"column":18},"end":{"line":72,"column":41}},"27":{"start":{"line":74,"column":18},"end":{"line":74,"column":32}},"28":{"start":{"line":79,"column":12},"end":{"line":88,"column":14}},"29":{"start":{"line":80,"column":30},"end":{"line":82,"column":17}},"30":{"start":{"line":83,"column":16},"end":{"line":87,"column":18}},"31":{"start":{"line":84,"column":20},"end":{"line":84,"column":38}},"32":{"start":{"line":86,"column":20},"end":{"line":86,"column":39}},"33":{"start":{"line":91,"column":12},"end":{"line":100,"column":14}},"34":{"start":{"line":92,"column":30},"end":{"line":94,"column":17}},"35":{"start":{"line":95,"column":16},"end":{"line":99,"column":18}},"36":{"start":{"line":96,"column":20},"end":{"line":96,"column":38}},"37":{"start":{"line":98,"column":20},"end":{"line":98,"column":39}},"38":{"start":{"line":103,"column":12},"end":{"line":109,"column":14}},"39":{"start":{"line":104,"column":16},"end":{"line":108,"column":18}},"40":{"start":{"line":105,"column":20},"end":{"line":105,"column":38}},"41":{"start":{"line":107,"column":20},"end":{"line":107,"column":35}},"42":{"start":{"line":112,"column":12},"end":{"line":112,"column":36}},"43":{"start":{"line":115,"column":12},"end":{"line":115,"column":34}},"44":{"start":{"line":118,"column":12},"end":{"line":118,"column":35}},"45":{"start":{"line":121,"column":12},"end":{"line":121,"column":42}},"46":{"start":{"line":124,"column":12},"end":{"line":124,"column":40}},"47":{"start":{"line":127,"column":12},"end":{"line":134,"column":14}},"48":{"start":{"line":128,"column":16},"end":{"line":133,"column":18}},"49":{"start":{"line":129,"column":20},"end":{"line":129,"column":79}},"50":{"start":{"line":130,"column":20},"end":{"line":130,"column":38}},"51":{"start":{"line":132,"column":20},"end":{"line":132,"column":34}},"52":{"start":{"line":137,"column":12},"end":{"line":144,"column":14}},"53":{"start":{"line":138,"column":16},"end":{"line":143,"column":18}},"54":{"start":{"line":139,"column":20},"end":{"line":139,"column":79}},"55":{"start":{"line":140,"column":20},"end":{"line":140,"column":38}},"56":{"start":{"line":142,"column":20},"end":{"line":142,"column":34}},"57":{"start":{"line":149,"column":12},"end":{"line":149,"column":38}},"58":{"start":{"line":152,"column":12},"end":{"line":152,"column":37}},"59":{"start":{"line":155,"column":12},"end":{"line":155,"column":40}}},"fnMap":{"0":{"name":"(anonymous_0)","decl":{"start":{"line":21,"column":8},"end":{"line":21,"column":9}},"loc":{"start":{"line":21,"column":36},"end":{"line":23,"column":9}},"line":21},"1":{"name":"(anonymous_1)","decl":{"start":{"line":24,"column":8},"end":{"line":24,"column":9}},"loc":{"start":{"line":24,"column":35},"end":{"line":26,"column":9}},"line":24},"2":{"name":"(anonymous_2)","decl":{"start":{"line":27,"column":8},"end":{"line":27,"column":9}},"loc":{"start":{"line":27,"column":34},"end":{"line":29,"column":9}},"line":27},"3":{"name":"(anonymous_3)","decl":{"start":{"line":30,"column":8},"end":{"line":30,"column":9}},"loc":{"start":{"line":30,"column":26},"end":{"line":32,"column":9}},"line":30},"4":{"name":"(anonymous_4)","decl":{"start":{"line":33,"column":8},"end":{"line":33,"column":9}},"loc":{"start":{"line":33,"column":29},"end":{"line":35,"column":9}},"line":33},"5":{"name":"(anonymous_5)","decl":{"start":{"line":34,"column":79},"end":{"line":34,"column":80}},"loc":{"start":{"line":34,"column":87},"end":{"line":34,"column":99}},"line":34},"6":{"name":"(anonymous_6)","decl":{"start":{"line":36,"column":8},"end":{"line":36,"column":9}},"loc":{"start":{"line":36,"column":27},"end":{"line":38,"column":9}},"line":36},"7":{"name":"(anonymous_7)","decl":{"start":{"line":39,"column":8},"end":{"line":39,"column":9}},"loc":{"start":{"line":39,"column":38},"end":{"line":52,"column":9}},"line":39},"8":{"name":"(anonymous_8)","decl":{"start":{"line":41,"column":78},"end":{"line":41,"column":79}},"loc":{"start":{"line":41,"column":89},"end":{"line":48,"column":17}},"line":41},"9":{"name":"(anonymous_9)","decl":{"start":{"line":53,"column":8},"end":{"line":53,"column":9}},"loc":{"start":{"line":53,"column":33},"end":{"line":55,"column":9}},"line":53},"10":{"name":"(anonymous_10)","decl":{"start":{"line":58,"column":8},"end":{"line":58,"column":9}},"loc":{"start":{"line":58,"column":44},"end":{"line":67,"column":9}},"line":58},"11":{"name":"(anonymous_11)","decl":{"start":{"line":59,"column":31},"end":{"line":59,"column":32}},"loc":{"start":{"line":59,"column":50},"end":{"line":66,"column":13}},"line":59},"12":{"name":"(anonymous_12)","decl":{"start":{"line":60,"column":49},"end":{"line":60,"column":50}},"loc":{"start":{"line":60,"column":60},"end":{"line":63,"column":17}},"line":60},"13":{"name":"(anonymous_13)","decl":{"start":{"line":63,"column":25},"end":{"line":63,"column":26}},"loc":{"start":{"line":63,"column":33},"end":{"line":65,"column":17}},"line":63},"14":{"name":"(anonymous_14)","decl":{"start":{"line":68,"column":8},"end":{"line":68,"column":9}},"loc":{"start":{"line":68,"column":39},"end":{"line":77,"column":9}},"line":68},"15":{"name":"(anonymous_15)","decl":{"start":{"line":69,"column":29},"end":{"line":69,"column":30}},"loc":{"start":{"line":69,"column":50},"end":{"line":76,"column":11}},"line":69},"16":{"name":"(anonymous_16)","decl":{"start":{"line":70,"column":45},"end":{"line":70,"column":46}},"loc":{"start":{"line":70,"column":57},"end":{"line":73,"column":15}},"line":70},"17":{"name":"(anonymous_17)","decl":{"start":{"line":73,"column":23},"end":{"line":73,"column":24}},"loc":{"start":{"line":73,"column":32},"end":{"line":75,"column":15}},"line":73},"18":{"name":"(anonymous_18)","decl":{"start":{"line":78,"column":8},"end":{"line":78,"column":9}},"loc":{"start":{"line":78,"column":30},"end":{"line":89,"column":9}},"line":78},"19":{"name":"(anonymous_19)","decl":{"start":{"line":79,"column":31},"end":{"line":79,"column":32}},"loc":{"start":{"line":79,"column":51},"end":{"line":88,"column":13}},"line":79},"20":{"name":"(anonymous_20)","decl":{"start":{"line":83,"column":51},"end":{"line":83,"column":52}},"loc":{"start":{"line":83,"column":63},"end":{"line":85,"column":17}},"line":83},"21":{"name":"(anonymous_21)","decl":{"start":{"line":85,"column":25},"end":{"line":85,"column":26}},"loc":{"start":{"line":85,"column":34},"end":{"line":87,"column":17}},"line":85},"22":{"name":"(anonymous_22)","decl":{"start":{"line":90,"column":8},"end":{"line":90,"column":9}},"loc":{"start":{"line":90,"column":30},"end":{"line":101,"column":9}},"line":90},"23":{"name":"(anonymous_23)","decl":{"start":{"line":91,"column":31},"end":{"line":91,"column":32}},"loc":{"start":{"line":91,"column":51},"end":{"line":100,"column":13}},"line":91},"24":{"name":"(anonymous_24)","decl":{"start":{"line":95,"column":72},"end":{"line":95,"column":73}},"loc":{"start":{"line":95,"column":84},"end":{"line":97,"column":17}},"line":95},"25":{"name":"(anonymous_25)","decl":{"start":{"line":97,"column":25},"end":{"line":97,"column":26}},"loc":{"start":{"line":97,"column":34},"end":{"line":99,"column":17}},"line":97},"26":{"name":"(anonymous_26)","decl":{"start":{"line":102,"column":8},"end":{"line":102,"column":9}},"loc":{"start":{"line":102,"column":36},"end":{"line":110,"column":9}},"line":102},"27":{"name":"(anonymous_27)","decl":{"start":{"line":103,"column":31},"end":{"line":103,"column":32}},"loc":{"start":{"line":103,"column":52},"end":{"line":109,"column":13}},"line":103},"28":{"name":"(anonymous_28)","decl":{"start":{"line":104,"column":57},"end":{"line":104,"column":58}},"loc":{"start":{"line":104,"column":69},"end":{"line":106,"column":17}},"line":104},"29":{"name":"(anonymous_29)","decl":{"start":{"line":106,"column":25},"end":{"line":106,"column":26}},"loc":{"start":{"line":106,"column":35},"end":{"line":108,"column":17}},"line":106},"30":{"name":"(anonymous_30)","decl":{"start":{"line":111,"column":8},"end":{"line":111,"column":9}},"loc":{"start":{"line":111,"column":32},"end":{"line":113,"column":9}},"line":111},"31":{"name":"(anonymous_31)","decl":{"start":{"line":114,"column":8},"end":{"line":114,"column":9}},"loc":{"start":{"line":114,"column":29},"end":{"line":116,"column":9}},"line":114},"32":{"name":"(anonymous_32)","decl":{"start":{"line":117,"column":8},"end":{"line":117,"column":9}},"loc":{"start":{"line":117,"column":30},"end":{"line":119,"column":9}},"line":117},"33":{"name":"(anonymous_33)","decl":{"start":{"line":120,"column":8},"end":{"line":120,"column":9}},"loc":{"start":{"line":120,"column":34},"end":{"line":122,"column":9}},"line":120},"34":{"name":"(anonymous_34)","decl":{"start":{"line":123,"column":8},"end":{"line":123,"column":9}},"loc":{"start":{"line":123,"column":35},"end":{"line":125,"column":9}},"line":123},"35":{"name":"(anonymous_35)","decl":{"start":{"line":126,"column":8},"end":{"line":126,"column":9}},"loc":{"start":{"line":126,"column":32},"end":{"line":135,"column":9}},"line":126},"36":{"name":"(anonymous_36)","decl":{"start":{"line":127,"column":31},"end":{"line":127,"column":32}},"loc":{"start":{"line":127,"column":50},"end":{"line":134,"column":13}},"line":127},"37":{"name":"(anonymous_37)","decl":{"start":{"line":128,"column":54},"end":{"line":128,"column":55}},"loc":{"start":{"line":128,"column":65},"end":{"line":131,"column":17}},"line":128},"38":{"name":"(anonymous_38)","decl":{"start":{"line":131,"column":25},"end":{"line":131,"column":26}},"loc":{"start":{"line":131,"column":33},"end":{"line":133,"column":17}},"line":131},"39":{"name":"(anonymous_39)","decl":{"start":{"line":136,"column":8},"end":{"line":136,"column":9}},"loc":{"start":{"line":136,"column":34},"end":{"line":145,"column":9}},"line":136},"40":{"name":"(anonymous_40)","decl":{"start":{"line":137,"column":31},"end":{"line":137,"column":32}},"loc":{"start":{"line":137,"column":50},"end":{"line":144,"column":13}},"line":137},"41":{"name":"(anonymous_41)","decl":{"start":{"line":138,"column":56},"end":{"line":138,"column":57}},"loc":{"start":{"line":138,"column":67},"end":{"line":141,"column":17}},"line":138},"42":{"name":"(anonymous_42)","decl":{"start":{"line":141,"column":25},"end":{"line":141,"column":26}},"loc":{"start":{"line":141,"column":33},"end":{"line":143,"column":17}},"line":141},"43":{"name":"(anonymous_43)","decl":{"start":{"line":148,"column":8},"end":{"line":148,"column":9}},"loc":{"start":{"line":148,"column":27},"end":{"line":150,"column":9}},"line":148},"44":{"name":"(anonymous_44)","decl":{"start":{"line":151,"column":8},"end":{"line":151,"column":9}},"loc":{"start":{"line":151,"column":26},"end":{"line":153,"column":9}},"line":151},"45":{"name":"(anonymous_45)","decl":{"start":{"line":154,"column":8},"end":{"line":154,"column":9}},"loc":{"start":{"line":154,"column":29},"end":{"line":156,"column":9}},"line":154}},"branchMap":{"0":{"loc":{"start":{"line":40,"column":12},"end":{"line":51,"column":13}},"type":"if","locations":[{"start":{"line":40,"column":12},"end":{"line":51,"column":13}},{"start":{"line":40,"column":12},"end":{"line":51,"column":13}}],"line":40},"1":{"loc":{"start":{"line":42,"column":20},"end":{"line":44,"column":21}},"type":"if","locations":[{"start":{"line":42,"column":20},"end":{"line":44,"column":21}},{"start":{"line":42,"column":20},"end":{"line":44,"column":21}}],"line":42},"2":{"loc":{"start":{"line":58,"column":34},"end":{"line":58,"column":43}},"type":"default-arg","locations":[{"start":{"line":58,"column":41},"end":{"line":58,"column":43}}],"line":58}},"s":{"0":1,"1":1,"2":1,"3":1,"4":1,"5":1,"6":1,"7":3,"8":1,"9":2,"10":1,"11":2,"12":1,"13":1,"14":1,"15":1,"16":1,"17":1,"18":0,"19":0,"20":0,"21":0,"22":0,"23":0,"24":0,"25":0,"26":0,"27":0,"28":0,"29":0,"30":0,"31":0,"32":0,"33":0,"34":0,"35":0,"36":0,"37":0,"38":0,"39":0,"40":0,"41":0,"42":1,"43":1,"44":1,"45":1,"46":1,"47":0,"48":0,"49":0,"50":0,"51":0,"52":0,"53":0,"54":0,"55":0,"56":0,"57":1,"58":1,"59":1},"f":{"0":1,"1":1,"2":1,"3":1,"4":1,"5":3,"6":1,"7":2,"8":2,"9":1,"10":0,"11":0,"12":0,"13":0,"14":0,"15":0,"16":0,"17":0,"18":0,"19":0,"20":0,"21":0,"22":0,"23":0,"24":0,"25":0,"26":0,"27":0,"28":0,"29":0,"30":1,"31":1,"32":1,"33":1,"34":1,"35":0,"36":0,"37":0,"38":0,"39":0,"40":0,"41":0,"42":0,"43":1,"44":1,"45":1},"b":{"0":[1,1],"1":[1,1],"2":[0]},"_coverageSchema":"43e27e138ebf9cfc5966b082cf9a028302ed4184","hash":"a4680fc30ce6b3f840f65bce50e6432786e26b79"}
}
