TN:
SF:D:\Learning\Vue\conduit\src\modules\moduleArticle.js
FN:21,(anonymous_0)
FN:24,(anonymous_1)
FN:27,(anonymous_2)
FN:30,(anonymous_3)
FN:33,(anonymous_4)
FN:34,(anonymous_5)
FN:36,(anonymous_6)
FN:39,(anonymous_7)
FN:41,(anonymous_8)
FN:53,(anonymous_9)
FN:58,(anonymous_10)
FN:59,(anonymous_11)
FN:60,(anonymous_12)
FN:63,(anonymous_13)
FN:68,(anonymous_14)
FN:69,(anonymous_15)
FN:70,(anonymous_16)
FN:73,(anonymous_17)
FN:78,(anonymous_18)
FN:79,(anonymous_19)
FN:83,(anonymous_20)
FN:85,(anonymous_21)
FN:90,(anonymous_22)
FN:91,(anonymous_23)
FN:95,(anonymous_24)
FN:97,(anonymous_25)
FN:102,(anonymous_26)
FN:103,(anonymous_27)
FN:104,(anonymous_28)
FN:106,(anonymous_29)
FN:111,(anonymous_30)
FN:114,(anonymous_31)
FN:117,(anonymous_32)
FN:120,(anonymous_33)
FN:123,(anonymous_34)
FN:126,(anonymous_35)
FN:127,(anonymous_36)
FN:128,(anonymous_37)
FN:131,(anonymous_38)
FN:136,(anonymous_39)
FN:137,(anonymous_40)
FN:138,(anonymous_41)
FN:141,(anonymous_42)
FN:148,(anonymous_43)
FN:151,(anonymous_44)
FN:154,(anonymous_45)
FNF:46
FNH:18
FNDA:1,(anonymous_0)
FNDA:1,(anonymous_1)
FNDA:1,(anonymous_2)
FNDA:1,(anonymous_3)
FNDA:1,(anonymous_4)
FNDA:3,(anonymous_5)
FNDA:1,(anonymous_6)
FNDA:2,(anonymous_7)
FNDA:2,(anonymous_8)
FNDA:1,(anonymous_9)
FNDA:0,(anonymous_10)
FNDA:0,(anonymous_11)
FNDA:0,(anonymous_12)
FNDA:0,(anonymous_13)
FNDA:0,(anonymous_14)
FNDA:0,(anonymous_15)
FNDA:0,(anonymous_16)
FNDA:0,(anonymous_17)
FNDA:0,(anonymous_18)
FNDA:0,(anonymous_19)
FNDA:0,(anonymous_20)
FNDA:0,(anonymous_21)
FNDA:0,(anonymous_22)
FNDA:0,(anonymous_23)
FNDA:0,(anonymous_24)
FNDA:0,(anonymous_25)
FNDA:0,(anonymous_26)
FNDA:0,(anonymous_27)
FNDA:0,(anonymous_28)
FNDA:0,(anonymous_29)
FNDA:1,(anonymous_30)
FNDA:1,(anonymous_31)
FNDA:1,(anonymous_32)
FNDA:1,(anonymous_33)
FNDA:1,(anonymous_34)
FNDA:0,(anonymous_35)
FNDA:0,(anonymous_36)
FNDA:0,(anonymous_37)
FNDA:0,(anonymous_38)
FNDA:0,(anonymous_39)
FNDA:0,(anonymous_40)
FNDA:0,(anonymous_41)
FNDA:0,(anonymous_42)
FNDA:1,(anonymous_43)
FNDA:1,(anonymous_44)
FNDA:1,(anonymous_45)
DA:2,1
DA:8,1
DA:22,1
DA:25,1
DA:28,1
DA:31,1
DA:34,3
DA:37,1
DA:40,2
DA:41,1
DA:42,2
DA:43,1
DA:45,1
DA:46,1
DA:47,1
DA:50,1
DA:54,1
DA:59,0
DA:60,0
DA:61,0
DA:62,0
DA:64,0
DA:69,0
DA:70,0
DA:71,0
DA:72,0
DA:74,0
DA:79,0
DA:80,0
DA:83,0
DA:84,0
DA:86,0
DA:91,0
DA:92,0
DA:95,0
DA:96,0
DA:98,0
DA:103,0
DA:104,0
DA:105,0
DA:107,0
DA:112,1
DA:115,1
DA:118,1
DA:121,1
DA:124,1
DA:127,0
DA:128,0
DA:129,0
DA:130,0
DA:132,0
DA:137,0
DA:138,0
DA:139,0
DA:140,0
DA:142,0
DA:149,1
DA:152,1
DA:155,1
LF:59
LH:25
BRDA:40,0,0,1
BRDA:40,0,1,1
BRDA:42,1,0,1
BRDA:42,1,1,1
BRDA:58,2,0,0
BRF:5
BRH:4
end_of_record
